2025-02-15 18:36:37 INFO  saucedemoPage:26 - Opening page
2025-02-15 18:36:38 INFO  saucedemoPage:29 - page opened
2025-02-15 18:36:53 INFO  saucedemoPage:26 - Opening page
2025-02-15 18:36:54 INFO  saucedemoPage:29 - page opened
2025-02-15 18:41:14 INFO  saucedemoPage:27 - Opening page
2025-02-15 18:41:15 INFO  saucedemoPage:29 - page opened
2025-02-15 18:41:16 INFO  saucedemoPage:47 - Browser closed
2025-02-15 18:44:09 INFO  saucedemoPage:27 - Opening page
2025-02-15 18:44:10 INFO  saucedemoPage:29 - page opened
2025-02-15 18:44:22 INFO  saucedemoPage:52 - Browser closed
2025-02-15 23:56:28 INFO  saucedemoPage:27 - Opening page
2025-02-15 23:56:29 INFO  saucedemoPage:29 - page opened
2025-02-15 23:56:42 INFO  saucedemoPage:52 - Browser closed
2025-02-15 23:58:50 INFO  saucedemoPage:27 - Opening page
2025-02-15 23:58:51 INFO  saucedemoPage:29 - page opened
2025-02-15 23:58:52 INFO  saucedemoPage:47 - Browser closed
2025-02-16 00:01:00 INFO  saucedemoPage:27 - Opening page
2025-02-16 00:01:01 INFO  saucedemoPage:29 - page opened
2025-02-16 00:01:03 INFO  saucedemoPage:47 - Browser closed
2025-02-16 00:01:56 INFO  saucedemoPage:27 - Opening page
2025-02-16 00:01:57 INFO  saucedemoPage:29 - page opened
2025-02-16 00:01:59 INFO  saucedemoPage:47 - Browser closed
2025-02-16 00:06:33 INFO  saucedemoPage:27 - Opening page
2025-02-16 00:06:34 INFO  saucedemoPage:29 - page opened
2025-02-16 00:06:38 INFO  saucedemoPage:47 - Browser closed
2025-02-16 00:34:55 INFO  saucedemoPage:28 - Opening page
2025-02-16 00:34:57 INFO  saucedemoPage:30 - Validating Login Page title
2025-02-16 00:34:57 INFO  saucedemoPage:33 - Title validated successfully
2025-02-16 00:34:59 INFO  saucedemoPage:51 - Browser closed
2025-02-16 00:35:52 INFO  saucedemoPage:28 - Opening page
2025-02-16 00:35:53 INFO  saucedemoPage:30 - Validating Login Page title
2025-02-16 00:35:53 INFO  saucedemoPage:33 - Title validated successfully
2025-02-16 00:35:54 INFO  saucedemoPage:51 - Browser closed
2025-02-16 00:43:24 INFO  saucedemoPage:26 - Initializing Webdriver
2025-02-16 00:43:28 INFO  saucedemoPage:29 - Opening page
2025-02-16 00:43:28 INFO  saucedemoPage:31 - Validating Login Page title
2025-02-16 00:43:28 INFO  saucedemoPage:34 - Title validated successfully
2025-02-16 00:43:28 INFO  saucedemoPage:39 - Entering credentials
2025-02-16 00:43:29 INFO  saucedemoPage:45 - Credentials Entered
2025-02-16 00:43:29 INFO  saucedemoPage:49 - Validating HomePage
2025-02-16 00:43:29 INFO  saucedemoPage:53 - Inside HomePage
2025-02-16 00:43:29 INFO  saucedemoPage:59 - Browser closed
2025-02-18 23:14:07 INFO  saucedemoPage:26 - Initializing Webdriver
2025-02-18 23:14:10 INFO  saucedemoPage:29 - Opening page
2025-02-18 23:14:11 INFO  saucedemoPage:31 - Validating Login Page title
2025-02-18 23:14:11 INFO  saucedemoPage:34 - Title validated successfully
2025-02-18 23:14:11 INFO  saucedemoPage:39 - Entering credentials
2025-02-18 23:14:12 INFO  saucedemoPage:45 - Credentials Entered
2025-02-18 23:14:12 INFO  saucedemoPage:49 - Validating HomePage
2025-02-18 23:14:12 INFO  saucedemoPage:53 - Inside HomePage
2025-02-18 23:14:13 INFO  saucedemoPage:59 - Browser closed
2025-02-18 23:37:59 INFO  saucedemoPage:23 - Initializing Webdriver
2025-02-18 23:38:03 INFO  saucedemoPage:30 - Opening page
2025-02-18 23:38:05 INFO  saucedemoPage:32 - Validating Login Page title
2025-02-18 23:38:05 INFO  saucedemoPage:35 - Title validated successfully
2025-02-18 23:38:05 INFO  saucedemoPage:40 - Entering credentials
2025-02-18 23:38:06 INFO  saucedemoPage:46 - Credentials Entered
2025-02-18 23:38:06 INFO  saucedemoPage:50 - Validating HomePage
2025-02-18 23:38:06 INFO  saucedemoPage:54 - Inside HomePage
2025-02-18 23:38:06 INFO  saucedemoPage:60 - Browser closed
